<?xml version="1.0" encoding="UTF-8"?>
<!-- Generated by org.testng.reporters.JUnitReportReporter -->
<testsuite hostname="dev-homolg" failures="0" tests="1" name="com.example.tests.LoginTest" time="5.783" errors="0" timestamp="2019-11-08T08:32:48 BRT" skipped="0">
  <testcase classname="com.example.tests.LoginTest" name="testBetaLogin" time="5.783"/>
</testsuite> <!-- com.example.tests.LoginTest -->
