<?xml version="1.0" encoding="UTF-8"?>
<!-- Generated by org.testng.reporters.JUnitReportReporter -->
<testsuite hostname="dev-homolg" failures="0" tests="1" name="com.example.tests.BetaLogin2" time="4.339" errors="0" timestamp="2019-11-07T10:39:10 BRT" skipped="0">
  <testcase classname="com.example.tests.BetaLogin2" name="testBetaLogin" time="4.339"/>
</testsuite> <!-- com.example.tests.BetaLogin2 -->
