<?xml version="1.0" encoding="UTF-8"?>
<!-- Generated by org.testng.reporters.JUnitReportReporter -->
<testsuite hostname="dev-homolg" failures="0" tests="1" name="com.example.tests.OpenDrivers" time="2.071" errors="0" timestamp="2019-11-07T10:33:30 BRT" skipped="0">
  <testcase classname="com.example.tests.OpenDrivers" name="nexusLogin" time="2.071"/>
</testsuite> <!-- com.example.tests.OpenDrivers -->
