<?xml version="1.0" encoding="UTF-8"?>
<!-- Generated by org.testng.reporters.JUnitReportReporter -->
<testsuite hostname="dev-homolg" failures="0" tests="1" name="com.example.tests.AddCampanhaFila" time="34.873" errors="0" timestamp="2019-11-21T17:06:07 BRT" skipped="0">
  <testcase classname="com.example.tests.AddCampanhaFila" name="testUntitAddCmpFila" time="34.873"/>
</testsuite> <!-- com.example.tests.AddCampanhaFila -->
