<?xml version="1.0" encoding="UTF-8"?>
<!-- Generated by org.testng.reporters.JUnitReportReporter -->
<testsuite hostname="dev-homolg" failures="0" tests="1" name="com.example.tests.BetaLogin" time="2.703" errors="0" timestamp="2019-11-07T09:30:12 BRT" skipped="0">
  <testcase classname="com.example.tests.BetaLogin" name="testBetaLogin" time="2.703"/>
</testsuite> <!-- com.example.tests.BetaLogin -->
