<?xml version="1.0" encoding="UTF-8"?>
<!-- Generated by org.testng.reporters.JUnitReportReporter -->
<testsuite hostname="dev-homolg" failures="0" tests="1" name="com.selenium.basic.OptionsClassSelenuim" time="8.952" errors="0" timestamp="2019-11-06T11:10:00 BRT" skipped="0">
  <testcase classname="com.selenium.basic.OptionsClassSelenuim" name="acceptCertificate" time="8.952"/>
</testsuite> <!-- com.selenium.basic.OptionsClassSelenuim -->
